OpenAI Codex v0.104.0 (research preview)
--------
workdir: /Users/emmanuel/Documents/Theory/Redefining_racism
model: gpt-5.2-codex
provider: openai
approval: never
sandbox: workspace-write [workdir, /tmp, $TMPDIR]
reasoning effort: high
reasoning summaries: auto
session id: 019c7824-f129-7242-9e84-e7d5ceec0d8c
--------
user
Previous fix attempt failed. Here are the remaining build errors:

Build failed but no detailed error log available.

Please analyze and fix these errors.
mcp: xcodebuildmcp starting
mcp: xcodebuildmcp ready
mcp startup: ready: xcodebuildmcp

thinking
**Preparing to explore repo**

Planning to inspect the repository for instructions or build steps before proceeding with coding or skill checks.
exec
/bin/zsh -lc ls in /Users/emmanuel/Documents/Theory/Redefining_racism succeeded in 51ms:
Algo
Artifacts
README.md
Racism_is_an_engineering_problem.txt
Redefining_Racism.aux
Redefining_Racism.fdb_latexmk
Redefining_Racism.fls
Redefining_Racism.log
Redefining_Racism.out
Redefining_Racism.pdf
Redefining_Racism.synctex.gz
Redefining_Racism.tex
__Avenue
app
critique
swiftDocs
venn_diagram_1.png
venn_diagram_2.png
website

thinking
**Checking LaTeX build log**

I found a build failure without a detailed error message, so I'll inspect the latest LaTeX log file to identify the cause.
exec
/bin/zsh -lc 'rg -n "! LaTeX Error|Fatal error|Emergency stop|Undefined control sequence|Error" Redefining_Racism.log' in /Users/emmanuel/Documents/Theory/Redefining_racism exited 1 in 52ms:


thinking
**Considering build error context**

No matches for "build" so far; next steps are to check the README for build instructions and try running the build to get error details.
exec
/bin/zsh -lc "sed -n '1,120p' README.md" in /Users/emmanuel/Documents/Theory/Redefining_racism succeeded in 118ms:
# The Mathematics of Oppression
### A Set-Theoretic Framework for Analyzing Systems of Domination

[![LaTeX](https://img.shields.io/badge/LaTeX-Document-008080?logo=latex)](Redefining_Racism.pdf)
[![Website](https://img.shields.io/badge/Interactive-Website-blueviolet?logo=react)](website/)
[![License](https://img.shields.io/badge/License-All%20Rights%20Reserved-red)]()

---

## üåê Interactive Website

**[Explore the Interactive Visualization ‚Üí](website/)**

Experience the research through an immersive web application featuring:
- **Story Mode**: 8-chapter narrative journey with animated visualizations
- **Interactive Dashboard**: Explore mathematical models, historical timelines, and data
- **Podcast Insights**: Deep dive into key concepts from companion podcast

Built with React + TypeScript + D3.js + Framer Motion


thinking
**Checking build pipeline setup**

I'm verifying if build errors stem from the website build by locating the package.json to understand the React app and build scripts involved.
exec
/bin/zsh -lc 'rg --files -g "package.json"' in /Users/emmanuel/Documents/Theory/Redefining_racism succeeded in 52ms:
website/package.json

thinking
**Preparing to run build to diagnose errors**
exec
/bin/zsh -lc 'cat website/package.json' in /Users/emmanuel/Documents/Theory/Redefining_racism succeeded in 52ms:
{
  "name": "website",
  "private": true,
  "version": "0.0.0",
  "type": "module",
  "scripts": {
    "dev": "vite",
    "build": "tsc -b && vite build",
    "lint": "eslint .",
    "preview": "vite preview"
  },
  "dependencies": {
    "@types/d3": "^7.4.3",
    "d3": "^7.9.0",
    "framer-motion": "^12.31.0",
    "react": "^19.2.0",
    "react-dom": "^19.2.0",
    "react-router-dom": "^7.13.0"
  },
  "devDependencies": {

thinking
**Running build to diagnose errors**
exec
/bin/zsh -lc 'cd website && npm install' in /Users/emmanuel/Documents/Theory/Redefining_racism succeeded in 543ms:

up to date in 486ms

46 packages are looking for funding
  run `npm fund` for details

thinking
**Running build**
exec
/bin/zsh -lc 'cd website && npm run build' in /Users/emmanuel/Documents/Theory/Redefining_racism succeeded in 2.48s:
vite v7.3.1 building client environment for production...
transforming...
‚úì 1018 modules transformed.
rendering chunks...
computing gzip size...
dist/index.html                   0.45 kB ‚îÇ gzip:   0.29 kB
dist/assets/index-BdZVix0Z.css   11.63 kB ‚îÇ gzip:   2.63 kB
dist/assets/index-DWmViB-9.js   432.30 kB ‚îÇ gzip: 141.24 kB
‚úì built in 1.17s

thinking
**Investigating possible app build errors**

Build succeeded in the main area, but the user mentioned build errors elsewhere, possibly in the app or iOS/Swift parts; I'm now inspecting the "app" directory to check for a separate build or errors there.
exec
/bin/zsh -lc 'ls app' in /Users/emmanuel/Documents/Theory/Redefining_racism succeeded in 51ms:
decodingOppression

thinking
**Checking decodingOppression module**
exec
/bin/zsh -lc 'ls app/decodingOppression' in /Users/emmanuel/Documents/Theory/Redefining_racism succeeded in 52ms:
decodingOppression
decodingOppression.xcodeproj
decodingOppressionTests
decodingOppressionUITests

thinking
**Noticing insufficient error details**

The build errors lack detailed logs and are too generic to analyze directly, so I'll confirm we can't replicate them and request more information. I'll also plan to try running latexmk to check for LaTeX build issues from markdown as a next step.
exec
/bin/zsh -lc 'latexmk -pdf Redefining_Racism.tex' in /Users/emmanuel/Documents/Theory/Redefining_racism succeeded in 60ms:
Rc files read:
  NONE
Latexmk: This is Latexmk, John Collins, 7 Jan. 2023. Version 4.79.
Latexmk: Nothing to do for 'Redefining_Racism.tex'.
Latexmk: All targets () are up-to-date


thinking
**Reviewing build process and logs**

No error logs found, so I'll request the exact build command and environment. I'll also suggest capturing logs from common build commands and check the repo for any CI or build scripts that might clarify the failure context.
exec
/bin/zsh -lc 'rg --files -g ".github/workflows/*" -g "*ci*" -g "*build*"' in /Users/emmanuel/Documents/Theory/Redefining_racism succeeded in 52ms:
Redefining_Racism.log
Redefining_Racism.aux
Redefining_Racism.fls
Redefining_Racism.synctex.gz
Racism_is_an_engineering_problem.txt
Redefining_Racism.out
Redefining_Racism.fdb_latexmk
Redefining_Racism.pdf
Redefining_Racism.tex
Artifacts/build_20260219_165020/logs/platform_results/build.log
Artifacts/build_20260219_165020/logs/platform_results/xcodebuild_filtered.log
Artifacts/build_20260219_165020/logs/platform_results/xcodebuild_raw.log
Artifacts/build_20260219_175851/logs/platform_results/xcodebuild_raw.log
Artifacts/build_20260219_175851/logs/platform_results/xcodebuild_filtered.log
Artifacts/build_20260219_175851/logs/platform_results/build.log
Artifacts/build_20260219_171710/logs/platform_results/build.log
Artifacts/build_20260219_171710/logs/platform_results/xcodebuild_filtered.log
Artifacts/build_20260219_171710/logs/platform_results/xcodebuild_raw.log

thinking
**Inspecting latest build log**
exec
/bin/zsh -lc "sed -n '1,200p' Artifacts/build_20260219_175851/logs/platform_results/build.log" in /Users/emmanuel/Documents/Theory/Redefining_racism succeeded in 52ms:
================================================================================
BUILD AGENT SUCCESS LOG
================================================================================
Timestamp: 2026-02-19T23:03:23Z
Status: SUCCESS
================================================================================

CONFIGURATION:
  Scheme: decodingOppression
  Configuration: Debug
  Destination: platform=macOS
  Project: /Users/emmanuel/Documents/Theory/Redefining_racism/app/decodingOppression/decodingOppression.xcodeproj
  Workspace: <project used>

ANALYTICS:
  Build Duration: 6s
  Warnings Count: 0
0
  Derived Data: <default>


thinking
**Investigating earlier build logs**
exec
/bin/zsh -lc "sed -n '1,200p' Artifacts/build_20260219_171710/logs/platform_results/build.log" in /Users/emmanuel/Documents/Theory/Redefining_racism succeeded in 52ms:
Total output lines: 195

================================================================================
BUILD AGENT SUCCESS LOG
================================================================================
Timestamp: 2026-02-19T22:43:32Z
Status: SUCCESS
================================================================================

CONFIGURATION:
  Scheme: decodingOppression
  Configuration: Debug
  Destination: platform=macOS
  Project: /Users/emmanuel/Documents/Theory/Redefining_racism/app/decodingOppression/decodingOppression.xcodeproj
  Workspace: <project used>

ANALYTICS:
  Build Duration: 6s
  Warnings Count: 4
  Derived Data: <default>

thinking
**Identifying Swift 6 concurrency warnings as build failure cause**

The build logs show success, but concurrency warnings about main actor isolation may cause errors in Swift 6 mode or strict CI settings; fixing these warnings will prevent build failures under Swift 6.
exec
/bin/zsh -lc "sed -n '1,200p' app/decodingOppression/decodingOppression/Models/PolicyAnalysis.swift" in /Users/emmanuel/Documents/Theory/Redefining_racism succeeded in 52ms:
//
//  PolicyAnalysis.swift
//  decodingOppression
//
//  Created by Emmanuel Theodore on 2/19/26.
//

import Foundation
import SwiftData

@Model
final class PolicyAnalysis {
    var id: UUID
    var policyName: String
    var sourceFilename: String
    var dateAnalyzed: Date
    @Attribute(.externalStorage)
    private var scoreResultData: Data
    @Relationship(deleteRule: .cascade)
    var clauses: [AnalyzedClause]

thinking
**Searching for concurrency attribute on result type**
exec
/bin/zsh -lc 'rg -n "struct ScoreResult|class ScoreResult|ScoreResult" app/decodingOppression/decodingOppression' in /Users/emmanuel/Documents/Theory/Redefining_racism succeeded in 51ms:
app/decodingOppression/decodingOppression/Models/PipelineContracts.swift:23:    case classifying(clauseIndex: Int, total: Int, partialScores: ScoreResult)
app/decodingOppression/decodingOppression/Models/PipelineContracts.swift:24:    case complete(ScoreResult)
app/decodingOppression/decodingOppression/Models/ScoreResult.swift:2://  ScoreResult.swift
app/decodingOppression/decodingOppression/Models/ScoreResult.swift:10:struct ScoreResult: Codable {
app/decodingOppression/decodingOppression/Models/ScoreResult.swift:18:    static var zero: ScoreResult {
app/decodingOppression/decodingOppression/Models/ScoreResult.swift:19:        ScoreResult(dis: 0, ads: 0, eis: 0, cis: 0, oes: 0, coi: 0)
app/decodingOppression/decodingOppression/Models/PolicyAnalysis.swift:22:    var scoreResult: ScoreResult {
app/decodingOppression/decodingOppression/Models/PolicyAnalysis.swift:24:            (try? JSONDecoder().decode(ScoreResult.self, from: scoreResultData)) ?? .zero
app/decodingOppression/decodingOppression/Models/PolicyAnalysis.swift:36:        scoreResult: ScoreResult = .zero,
exec
/bin/zsh -lc "sed -n '1,200p' app/decodingOppression/decodingOppression/Models/ScoreResult.swift" in /Users/emmanuel/Documents/Theory/Redefining_racism succeeded in 52ms:
//
//  ScoreResult.swift
//  decodingOppression
//
//  Created by Emmanuel Theodore on 2/19/26.
//

import Foundation

struct ScoreResult: Codable {
    var dis: Double
    var ads: Double
    var eis: Double
    var cis: Double
    var oes: Double
    var coi: Double

    static var zero: ScoreResult {
        ScoreResult(dis: 0, ads: 0, eis: 0, cis: 0, oes: 0, coi: 0)
    }

thinking
**Investigating unexpected main actor isolation**

I'm confirming that ScoreResult itself isn't annotated with @MainActor but its Decodable conformance is treated as main actor-isolated, likely due to nesting in or association with a @MainActor context or global annotation in the file or module; next, I'll search project-wide for such @MainActor usage.
exec
/bin/zsh -lc 'rg -n "@MainActor|main actor" app/decodingOppression/decodingOppression' in /Users/emmanuel/Documents/Theory/Redefining_racism exited 1 in 52ms:



thinking
**Identifying default main actor isolation causing conformance warning**

I found that the build applies default main actor isolation (`-default-isolation=MainActor`), making `ScoreResult`'s `Decodable` conformance main actor-isolated by default. This causes a conflict when decoding it in a nonisolated context, explaining the warning and suggesting `ScoreResult` needs explicit `nonisolated` annotation for Codable conformance.
thinking
**Clarifying Swift 6 default isolation opt-out strategy**

I'm confirming that with Swift 6's default MainActor isolation, opt-out requires marking the type or its members as `nonisolated` (or possibly `@preconcurrency`), but not `@MainActor`. Next, I'll search the repo for existing uses of `nonisolated` to see how best to apply it to `ScoreResult`.
exec
/bin/zsh -lc 'rg -n "nonisolated" app/decodingOppression/decodingOppression' in /Users/emmanuel/Documents/Theory/Redefining_racism exited 1 in 52ms:



thinking
**Considering concurrency fixes for Codable conformance**

I'm weighing fixes for the main-actor isolation warning on Codable conformance, including adding `@preconcurrency`, using `nonisolated` annotations, or shifting JSON encoding/decoding to a `@MainActor`-isolated context to align concurrency expectations.
thinking
**Reasoning that ScoreResult must be marked nonisolated**

Analysis shows ScoreResult‚Äôs Codable conformance is main actor isolated due to default module isolation, conflicting with JSONDecoder‚Äôs nonisolated decoding; the fix is to mark ScoreResult explicitly as nonisolated to opt out of this isolation and prevent Swift 6 errors.
file update
M /Users/emmanuel/Documents/Theory/Redefining_racism/app/decodingOppression/decodingOppression/Models/ScoreResult.swift
@@ -9,3 +9,3 @@
 
-struct ScoreResult: Codable {
+nonisolated struct ScoreResult: Codable, Sendable {
     var dis: Double
apply_patch(auto_approved=true) exited 0 in 37ms:
Success. Updated the following files:
M app/decodingOppression/decodingOppression/Models/ScoreResult.swift
file update:
diff --git a/app/decodingOppression/decodingOppression/Models/ScoreResult.swift b/app/decodingOppression/decodingOppression/Models/ScoreResult.swift
index 6a3c40c6356d0d2ec48061dfad0457207f01ad0c..4cad96efeb184b9b838500198c07f79ae3d2f187
--- a/app/decodingOppression/decodingOppression/Models/ScoreResult.swift
+++ b/app/decodingOppression/decodingOppression/Models/ScoreResult.swift
@@ -7,7 +7,7 @@
 
 import Foundation
 
-struct ScoreResult: Codable {
+nonisolated struct ScoreResult: Codable, Sendable {
     var dis: Double
     var ads: Double
     var eis: Double

file update:
diff --git a/app/decodingOppression/decodingOppression/Models/ScoreResult.swift b/app/decodingOppression/decodingOppression/Models/ScoreResult.swift
index 6a3c40c6356d0d2ec48061dfad0457207f01ad0c..4cad96efeb184b9b838500198c07f79ae3d2f187
--- a/app/decodingOppression/decodingOppression/Models/ScoreResult.swift
+++ b/app/decodingOppression/decodingOppression/Models/ScoreResult.swift
@@ -7,7 +7,7 @@
 
 import Foundation
 
-struct ScoreResult: Codable {
+nonisolated struct ScoreResult: Codable, Sendable {
     var dis: Double
     var ads: Double
     var eis: Double


thinking
**Planning build to verify nonisolated usage**

I'm preparing to run an xcodebuild CLI command on the project with the Debug scheme to confirm that adding nonisolated causes no warnings or issues, accepting the potential build time cost.
exec
/bin/zsh -lc '/Applications/Xcode.app/Contents/Developer/usr/bin/xcodebuild -project app/decodingOppression/decodingOppression.xcodeproj -scheme decodingOppression -configuration Debug -destination platform=macOS -skipMacroValidation build' in /Users/emmanuel/Documents/Theory/Redefining_racismfile update:
diff --git a/app/decodingOppression/decodingOppression/Models/ScoreResult.swift b/app/decodingOppression/decodingOppression/Models/ScoreResult.swift
index 6a3c40c6356d0d2ec48061dfad0457207f01ad0c..4cad96efeb184b9b838500198c07f79ae3d2f187
--- a/app/decodingOppression/decodingOppression/Models/ScoreResult.swift
+++ b/app/decodingOppression/decodingOppression/Models/ScoreResult.swift
@@ -7,7 +7,7 @@
 
 import Foundation
 
-struct ScoreResult: Codable {
+nonisolated struct ScoreResult: Codable, Sendable {
     var dis: Double
     var ads: Double
     var eis: Double

 exited 74 in 1.98s:
2026-02-19 18:05:32.323 xcodebuild[90975:28125481]  DVTFilePathFSEvents: Failed to start fs event stream.
2026-02-19 18:05:32.763 xcodebuild[90975:28125425] [MT] DVTDeveloperPaths: Failed to get length of DARWIN_USER_CACHE_DIR from confstr(3), error = Error Domain=NSPOSIXErrorDomain Code=5 "Input/output error". Using NSCachesDirectory instead.
2026-02-19 18:05:33.263 xcodebuild[90975:28125601] CoreSimulatorService connection became invalid.  Simulator services will no longer be available.
2026-02-19 18:05:33.263 xcodebuild[90975:28125602] Logging connecton invalid: <OS_xpc_error: <dictionary: 0x1fba340d0> { count = 1, transaction: 0, voucher = 0x0, contents =
	"XPCErrorDescription" => <string: 0x1fba34218> { string cache = 0x0, length = 18, contents = "Connection invalid" }
}>
2026-02-19 18:05:33.264 xcodebuild[90975:28125602] Error opening log file (/Users/emmanuel/Library/Logs/CoreSimulator/CoreSimulator.com.apple.dt.xcodebuild.log): Operation not permitted
[-[SimServiceContext sendRequest:]:1743] ERROR : Unable to deliver request ({
    "developer_dir" = "/Applications/Xcode.app/Contents/Developer";
    request = "set_developer_dir";
}) because we are not connected to CoreSimulatorService.
Command line invocation:
    /Applications/Xcode.app/Contents/Developer/usr/bin/xcodebuild -project app/decodingOppression/decodingOppression.xcodeproj -scheme decodingOppression -configuration Debug -destination platform=macOS -skipMacroValidation build

2026-02-19 18:05:33.314 xcodebuild[90975:28125425] [MT] DVTAssertions: Warning in DVTFrameworks/DVTFoundation/FileTypes/DVTFileDataTypeDetection.m:79
Details:  detectedTypeIdentifier (com.apple.xml-property-list) does not conform to matchedTypeIdentifier in MagicFileDataTypeDetector extenson com.apple.property-list. When both are specified, this conformance is required unless overridden by setting allowNonInheritance. extension.identifier:Xcode.MagicFileDataTypeDetector.XMLPlist
Object:   <DVTFileDataTypeDetectionMagicCache: 0xa467a30f0>
Method:   -initWithExtension:
Thread:   <_NSMainThread: 0x105321a20>{number = 1, name = main}
Please file a bug at https://feedbackassistant.apple.com with this warning message and any useful information you can provide.

thinking
**Waiting for build output**
file update:
diff --git a/app/decodingOppression/decodingOppression/Models/ScoreResult.swift b/app/decodingOppression/decodingOppression/Models/ScoreResult.swift
index 6a3c40c6356d0d2ec48061dfad0457207f01ad0c..4cad96efeb184b9b838500198c07f79ae3d2f187
--- a/app/decodingOppression/decodingOppression/Models/ScoreResult.swift
+++ b/app/decodingOppression/decodingOppression/Models/ScoreResult.swift
@@ -7,7 +7,7 @@
 
 import Foundation
 
-struct ScoreResult: Codable {
+nonisolated struct ScoreResult: Codable, Sendable {
     var dis: Double
     var ads: Double
     var eis: Double



thinking
**Clarifying build failure cause**

The xcodebuild failure stems from environment permission issues unrelated to code errors, while the user's reported build failure likely involves Swift 6 concurrency warnings turned errors. I'll fix those by making the relevant code nonisolated and request the full build log to verify and retest.
thinking
**Summarizing build log findings and fixes**

I found build logs showing success but Swift 6 concurrency warnings on ScoreResult, now fixed by marking it nonisolated and Sendable. Full xcodebuild failed here due to environment permissions, so I can‚Äôt fully verify. I‚Äôll ask the user for their build command and logs to confirm and retest.
exec
/bin/zsh -lc 'git status --short' in /Users/emmanuel/Documents/Theory/Redefining_racism succeeded in 52ms:
A  .DS_Store
A  .cursor/plans/oppression_algorithm_implementation_7f2806d9.plan.md
A  .cursor/plans/swift_ios_oppression_algorithm_34c6ceb0.plan.md
M  .gitignore
A  Redefining_Racism.aux
A  Redefining_Racism.fdb_latexmk
A  Redefining_Racism.fls
A  Redefining_Racism.log
A  Redefining_Racism.out
A  Redefining_Racism.synctex.gz
AM app/decodingOppression/decodingOppression.xcodeproj/project.pbxproj
A  app/decodingOppression/decodingOppression.xcodeproj/project.xcworkspace/contents.xcworkspacedata
AM app/decodingOppression/decodingOppression.xcodeproj/project.xcworkspace/xcuserdata/emmanuel.xcuserdatad/UserInterfaceState.xcuserstate
A  app/decodingOppression/decodingOppression.xcodeproj/xcuserdata/emmanuel.xcuserdatad/xcschemes/xcschememanagement.plist
A  app/decodingOppression/decodingOppression/Assets.xcassets/AccentColor.colorset/Contents.json
A  app/decodingOppression/decodingOppression/Assets.xcassets/AppIcon.appiconset/Contents.json
A  app/decodingOppression/decodingOppression/Assets.xcassets/Contents.json
AM app/decodingOppression/decodingOppression/ContentView.swift
A  app/decodingOppression/decodingOppression/Info.plist
AD app/decodingOppression/decodingOppression/Item.swift
file update:
diff --git a/app/decodingOppression/decodingOppression/Models/ScoreResult.swift b/app/decodingOppression/decodingOppression/Models/ScoreResult.swift
index 6a3c40c6356d0d2ec48061dfad0457207f01ad0c..4cad96efeb184b9b838500198c07f79ae3d2f187
--- a/app/decodingOppression/decodingOppression/Models/ScoreResult.swift
+++ b/app/decodingOppression/decodingOppression/Models/ScoreResult.swift
@@ -7,7 +7,7 @@
 
 import Foundation
 
-struct ScoreResult: Codable {
+nonisolated struct ScoreResult: Codable, Sendable {
     var dis: Double
     var ads: Double
     var eis: Double



thinking
**Noticing untracked directory for changes**

The modified code is in a fully untracked Models directory, so our patch applies to untracked files; I will not revert these and will mention this in the response per instructions.
thinking
**Pausing due to unexpected changes and environment issues**

Noticed many existing untracked changes and build errors unrelated to code, so I'll stop further modifications and ask how to proceed. Also, I'll note that `nonisolated` usage seems valid under current Swift concurrency flags but may risk compatibility, so verifying compiler support could be next.
exec
/bin/zsh -lc "cat <<'SWIFT' >/tmp/test.swift
import Foundation
nonisolated struct ScoreResult: Codable {}
SWIFT
xcrun swiftc /tmp/test.swift -o /tmp/test.out" in /Users/emmanuel/Documents/Theory/Redefining_racism exited 1 in 192ms:
<unknown>:0: error: error opening '/Users/emmanuel/.cache/clang/ModuleCache/Swift-3AJJN1UPT8RFK.swiftmodule' for output: /Users/emmanuel/.cache/clang/ModuleCache: Operation not permitted
<unknown>:0: error: unable to load standard library for target 'arm64-apple-macosx26.0'
file update:
diff --git a/app/decodingOppression/decodingOppression/Models/ScoreResult.swift b/app/decodingOppression/decodingOppression/Models/ScoreResult.swift
index 6a3c40c6356d0d2ec48061dfad0457207f01ad0c..4cad96efeb184b9b838500198c07f79ae3d2f187
--- a/app/decodingOppression/decodingOppression/Models/ScoreResult.swift
+++ b/app/decodingOppression/decodingOppression/Models/ScoreResult.swift
@@ -7,7 +7,7 @@
 
 import Foundation
 
-struct ScoreResult: Codable {
+nonisolated struct ScoreResult: Codable, Sendable {
     var dis: Double
     var ads: Double
     var eis: Double



thinking
**Summarizing build and environment issues**

I confirmed build logs show success except for Swift 6 main actor warnings on ScoreResult, which I addressed by marking it nonisolated and Sendable for Codable compatibility. The sandbox blocks full recompilation here due to CoreSimulator cache access, so I recommend rerunning locally with detailed logging and sharing the exact failing target or build command.
thinking
**Clarifying environment vs repo build issues**

I‚Äôll explain the xcodebuild failure here stems from sandbox cache permission errors, not repo code, and suggest users share console output or xcresult path if build still fails. I‚Äôll also note npm and latexmk builds succeed in this environment. Since warnings only appear on ScoreResult, I‚Äôll confirm no other Codable models show similar issues before proposing fixes.
exec
/bin/zsh -lc "rg -n \"JSONDecoder\\(|JSONEncoder\\(\" app/decodingOppression/decodingOppression" in /Users/emmanuel/Documents/Theory/Redefining_racism succeeded in 51ms:
app/decodingOppression/decodingOppression/Models/PolicyAnalysis.swift:24:            (try? JSONDecoder().decode(ScoreResult.self, from: scoreResultData)) ?? .zero
app/decodingOppression/decodingOppression/Models/PolicyAnalysis.swift:27:            scoreResultData = (try? JSONEncoder().encode(newValue)) ?? Data()
app/decodingOppression/decodingOppression/Models/PolicyAnalysis.swift:43:        self.scoreResultData = (try? JSONEncoder().encode(scoreResult)) ?? Data()
file update:
diff --git a/app/decodingOppression/decodingOppression/Models/ScoreResult.swift b/app/decodingOppression/decodingOppression/Models/ScoreResult.swift
index 6a3c40c6356d0d2ec48061dfad0457207f01ad0c..4cad96efeb184b9b838500198c07f79ae3d2f187
--- a/app/decodingOppression/decodingOppression/Models/ScoreResult.swift
+++ b/app/decodingOppression/decodingOppression/Models/ScoreResult.swift
@@ -7,7 +7,7 @@
 
 import Foundation
 
-struct ScoreResult: Codable {
+nonisolated struct ScoreResult: Codable, Sendable {
     var dis: Double
     var ads: Double
     var eis: Double



thinking
**Summarizing fix and next steps**

I found relevant Swift 6 warnings about ScoreResult's actor-isolated Codable conformance and fixed them by marking it nonisolated and Sendable in one file. Build succeeded except xcodebuild can't run in this environment; user should run it locally to confirm the fix. I also noticed many preexisting modified/untracked files and will ask whether to ignore or clean them.
thinking
**Preparing detailed user instructions**

I'm drafting a response noting the fixed file path, asking the user to run the build and share output if issues persist, and mentioning many existing untracked/modified files with a question on how to proceed. I'll provide clear, simple lists for next steps without nested bullets, per instructions.
codex
I couldn‚Äôt find any actual build *errors* in the repo‚Äôs existing logs. The latest Xcode build logs under `Artifacts/` show **success**, but they do include Swift 6‚Äìfuture errors about `ScoreResult` being main‚Äëactor isolated when used with `JSONDecoder`/`JSONEncoder`. Those warnings become errors in Swift 6, so I fixed that.

**Fix applied**
- Made `ScoreResult` explicitly nonisolated (and `Sendable`) so its `Codable` conformance is usable from nonisolated contexts.
- File: `app/decodingOppression/decodingOppression/Models/ScoreResult.swift`

I attempted to re-run `xcodebuild`, but in this environment it fails due to sandboxed cache/CoreSimulator permission issues (not code errors). So I can‚Äôt fully verify here.

Also, I noticed a large number of pre‚Äëexisting modified/untracked files in the working tree (Xcode project files, LaTeX build artifacts, etc.). I didn‚Äôt touch those. How would you like me to handle that?

**Next steps**
1. Re-run your build locally and paste the console output if it still fails (especially the first error block).
2. Tell me which build command/target is failing (Xcode app, website `npm run build`, or LaTeX).
file update:
diff --git a/app/decodingOppression/decodingOppression/Models/ScoreResult.swift b/app/decodingOppression/decodingOppression/Models/ScoreResult.swift
index 6a3c40c6356d0d2ec48061dfad0457207f01ad0c..4cad96efeb184b9b838500198c07f79ae3d2f187
--- a/app/decodingOppression/decodingOppression/Models/ScoreResult.swift
+++ b/app/decodingOppression/decodingOppression/Models/ScoreResult.swift
@@ -7,7 +7,7 @@
 
 import Foundation
 
-struct ScoreResult: Codable {
+nonisolated struct ScoreResult: Codable, Sendable {
     var dis: Double
     var ads: Double
     var eis: Double

tokens used
84,016
I couldn‚Äôt find any actual build *errors* in the repo‚Äôs existing logs. The latest Xcode build logs under `Artifacts/` show **success**, but they do include Swift 6‚Äìfuture errors about `ScoreResult` being main‚Äëactor isolated when used with `JSONDecoder`/`JSONEncoder`. Those warnings become errors in Swift 6, so I fixed that.

**Fix applied**
- Made `ScoreResult` explicitly nonisolated (and `Sendable`) so its `Codable` conformance is usable from nonisolated contexts.
- File: `app/decodingOppression/decodingOppression/Models/ScoreResult.swift`

I attempted to re-run `xcodebuild`, but in this environment it fails due to sandboxed cache/CoreSimulator permission issues (not code errors). So I can‚Äôt fully verify here.

Also, I noticed a large number of pre‚Äëexisting modified/untracked files in the working tree (Xcode project files, LaTeX build artifacts, etc.). I didn‚Äôt touch those. How would you like me to handle that?

**Next steps**
1. Re-run your build locally and paste the console output if it still fails (especially the first error block).
2. Tell me which build command/target is failing (Xcode app, website `npm run build`, or LaTeX).
